<?xml version="1.0" encoding="utf-8"?><testsuites><testsuite name="pytest" errors="0" failures="0" skipped="0" tests="0" time="0.007" timestamp="2024-12-21T10:06:45.224363+08:00" hostname="Ubuntu20" /></testsuites>
